[19:44:12] [WARN] [FabricLoader/Knot]: Class path entries reference missing files: D:\SSML\bin\Debug\net7.0-windows\.minecraft\libraries\org\lwjgl\lwjgl\3.2.1\lwjgl-3.2.1.jar, D:\SSML\bin\Debug\net7.0-windows\.minecraft\libraries\org\lwjgl\lwjgl-jemalloc\3.2.1\lwjgl-jemalloc-3.2.1.jar, D:\SSML\bin\Debug\net7.0-windows\.minecraft\libraries\org\lwjgl\lwjgl-openal\3.2.1\lwjgl-openal-3.2.1.jar, D:\SSML\bin\Debug\net7.0-windows\.minecraft\libraries\org\lwjgl\lwjgl-opengl\3.2.1\lwjgl-opengl-3.2.1.jar, D:\SSML\bin\Debug\net7.0-windows\.minecraft\libraries\org\lwjgl\lwjgl-glfw\3.2.1\lwjgl-glfw-3.2.1.jar, D:\SSML\bin\Debug\net7.0-windows\.minecraft\libraries\org\lwjgl\lwjgl-stb\3.2.1\lwjgl-stb-3.2.1.jar, D:\SSML\bin\Debug\net7.0-windows\.minecraft\libraries\org\lwjgl\lwjgl-tinyfd\3.2.1\lwjgl-tinyfd-3.2.1.jar, D:\SSML\bin\Debug\net7.0-windows\.minecraft\libraries\org\lwjgl\lwjgl\3.2.1\lwjgl-3.2.1.jar, D:\SSML\bin\Debug\net7.0-windows\.minecraft\libraries\org\lwjgl\lwjgl-jemalloc\3.2.1\lwjgl-jemalloc-3.2.1.jar, D:\SSML\bin\Debug\net7.0-windows\.minecraft\libraries\org\lwjgl\lwjgl-openal\3.2.1\lwjgl-openal-3.2.1.jar, D:\SSML\bin\Debug\net7.0-windows\.minecraft\libraries\org\lwjgl\lwjgl-opengl\3.2.1\lwjgl-opengl-3.2.1.jar, D:\SSML\bin\Debug\net7.0-windows\.minecraft\libraries\org\lwjgl\lwjgl-glfw\3.2.1\lwjgl-glfw-3.2.1.jar, D:\SSML\bin\Debug\net7.0-windows\.minecraft\libraries\org\lwjgl\lwjgl-stb\3.2.1\lwjgl-stb-3.2.1.jar, D:\SSML\bin\Debug\net7.0-windows\.minecraft\libraries\org\lwjgl\lwjgl-tinyfd\3.2.1\lwjgl-tinyfd-3.2.1.jar - the game may not load properly!
[19:44:12] [ERROR] [FabricLoader/]: Uncaught exception in thread "main"
java.lang.reflect.InvocationTargetException
	at java.base/jdk.internal.reflect.DirectMethodHandleAccessor.invoke(DirectMethodHandleAccessor.java:119)
	at java.base/java.lang.reflect.Method.invoke(Method.java:577)
	at oolloo.jlw.Wrapper.invokeMain(Wrapper.java:60)
	at oolloo.jlw.Wrapper.main(Wrapper.java:53)
Caused by: java.lang.RuntimeException: java.lang.reflect.InvocationTargetException
	at net.fabricmc.loader.impl.launch.knot.Knot.findEmbedddedGameProvider(Knot.java:255)
	at net.fabricmc.loader.impl.launch.knot.Knot.createGameProvider(Knot.java:173)
	at net.fabricmc.loader.impl.launch.knot.Knot.init(Knot.java:130)
	at net.fabricmc.loader.impl.launch.knot.Knot.launch(Knot.java:68)
	at net.fabricmc.loader.impl.launch.knot.KnotClient.main(KnotClient.java:23)
	at java.base/jdk.internal.reflect.DirectMethodHandleAccessor.invoke(DirectMethodHandleAccessor.java:104)
	... 3 more
Caused by: java.lang.reflect.InvocationTargetException
	at java.base/jdk.internal.reflect.DirectConstructorHandleAccessor.newInstance(DirectConstructorHandleAccessor.java:79)
	at java.base/java.lang.reflect.Constructor.newInstanceWithCaller(Constructor.java:499)
	at java.base/java.lang.reflect.Constructor.newInstance(Constructor.java:483)
	at net.fabricmc.loader.impl.launch.knot.Knot.findEmbedddedGameProvider(Knot.java:248)
	... 8 more
Caused by: java.lang.NoClassDefFoundError: org/objectweb/asm/ClassVisitor
	at net.fabricmc.loader.impl.game.minecraft.MinecraftGameProvider.<init>(MinecraftGameProvider.java:88)
	at java.base/jdk.internal.reflect.DirectConstructorHandleAccessor.newInstance(DirectConstructorHandleAccessor.java:67)
	... 11 more
Caused by: java.lang.ClassNotFoundException: org.objectweb.asm.ClassVisitor
	at java.base/jdk.internal.loader.BuiltinClassLoader.loadClass(BuiltinClassLoader.java:641)
	at java.base/jdk.internal.loader.ClassLoaders$AppClassLoader.loadClass(ClassLoaders.java:188)
	at java.base/java.lang.ClassLoader.loadClass(ClassLoader.java:521)
	... 13 more
